<?xml version="1.0" encoding="UTF-8"?>
<testng-results ignored="0" total="1" passed="1" failed="0" skipped="0">
  <reporter-output>
  </reporter-output>
  <suite started-at="2023-01-04T17:26:16 IST" name="Default suite" finished-at="2023-01-04T17:26:27 IST" duration-ms="10897">
    <groups>
    </groups>
    <test started-at="2023-01-04T17:26:16 IST" name="Default test" finished-at="2023-01-04T17:26:27 IST" duration-ms="10897">
      <class name="com.practise.testing.MyPractise">
        <test-method is-config="true" signature="BeforeClass()[pri:0, instance:com.practise.testing.MyPractise@3bb9a3ff]" started-at="2023-01-04T17:26:17 IST" name="BeforeClass" finished-at="2023-01-04T17:26:22 IST" duration-ms="5089" status="PASS">
          <reporter-output>
          </reporter-output>
        </test-method> <!-- BeforeClass -->
        <test-method signature="practiseSearch()[pri:0, instance:com.practise.testing.MyPractise@3bb9a3ff]" started-at="2023-01-04T17:26:22 IST" name="practiseSearch" finished-at="2023-01-04T17:26:27 IST" duration-ms="5716" status="PASS">
          <reporter-output>
          </reporter-output>
        </test-method> <!-- practiseSearch -->
      </class> <!-- com.practise.testing.MyPractise -->
    </test> <!-- Default test -->
  </suite> <!-- Default suite -->
</testng-results>
